<?xml version="1.0" encoding="UTF-8"?>
<!-- Generated by org.testng.reporters.JUnitXMLReporter -->
<testsuite ignored="0" hostname="DESKTOP-7E73ERP" failures="1" tests="5" name="Surefire test" time="275.457" errors="0" timestamp="2024-09-21T18:03:41 EEST">
  <testcase classname="tests.CartTest" name="testAccesstoCartPage" time="43.555"/>
  <testcase classname="tests.CartTest" name="testVerifyItems" time="2.126"/>
  <testcase classname="tests.CartTest" name="testAccessToCheckout" time="5.025"/>
  <testcase classname="tests.LoginTest" name="testValidLogin" time="28.963"/>
  <testcase classname="tests.RegistrationTest" name="testValidLogin" time="115.893">
    <failure type="org.openqa.selenium.TimeoutException" message="Expected condition failed: waiting for url to contain &amp;quot;success&amp;quot;. Current url: &amp;quot;https://demo.opencart.com/en-gb?route=account/register&amp;quot; (tried for 50 second(s) with 500 milliseconds interval)
Build info: version: &amp;apos;4.24.0&amp;apos;, revision: &amp;apos;748ffc9bc3&amp;apos;
System info: os.name: &amp;apos;Windows 10&amp;apos;, os.arch: &amp;apos;amd64&amp;apos;, os.version: &amp;apos;10.0&amp;apos;, java.version: &amp;apos;22&amp;apos;
Driver info: driver.version: unknown">
      <![CDATA[org.openqa.selenium.TimeoutException: Expected condition failed: waiting for url to contain "success". Current url: "https://demo.opencart.com/en-gb?route=account/register" (tried for 50 second(s) with 500 milliseconds interval)
Build info: version: '4.24.0', revision: '748ffc9bc3'
System info: os.name: 'Windows 10', os.arch: 'amd64', os.version: '10.0', java.version: '22'
Driver info: driver.version: unknown
at org.openqa.selenium.support.ui.FluentWait.timeoutException(FluentWait.java:265)
at org.openqa.selenium.support.ui.FluentWait.until(FluentWait.java:228)
at utils.Waiting.loadURL(Waiting.java:53)
at pages.RegConfirmPage.getTitlePage(RegConfirmPage.java:16)
at pages.RegistrationPage.verifyRegist(RegistrationPage.java:84)
at tests.RegistrationTest.testValidLogin(RegistrationTest.java:36)
at java.base/java.util.ArrayList.forEach(ArrayList.java:1597)
... Removed 30 stack frames]]>
    </failure>
  </testcase> <!-- testValidLogin -->
</testsuite> <!-- Surefire test -->
